[2014-12-10 19:26:51] production.ERROR: exception 'BadMethodCallException' with message 'Method [search] does not exist.' in /var/www/market/storage/framework/compiled.php:7100
Stack trace:
#0 [internal function]: Illuminate\Routing\Controller->__call('search', Array)
#1 [internal function]: market\Http\Controllers\MarketsController->search()
#2 /var/www/market/storage/framework/compiled.php(7096): call_user_func_array(Array, Array)
#3 /var/www/market/storage/framework/compiled.php(7158): Illuminate\Routing\Controller->callAction('search', Array)
#4 /var/www/market/storage/framework/compiled.php(7137): Illuminate\Routing\ControllerDispatcher->call(Object(market\Http\Controllers\MarketsController), Object(Illuminate\Routing\Route), 'search')
#5 [internal function]: Illuminate\Routing\ControllerDispatcher->Illuminate\Routing\{closure}(Object(Illuminate\Http\Request))
#6 /var/www/market/storage/framework/compiled.php(7533): call_user_func(Object(Closure), Object(Illuminate\Http\Request))
#7 [internal function]: Illuminate\Routing\Stack->Illuminate\Routing\{closure}(Object(Illuminate\Http\Request))
#8 /var/www/market/storage/framework/compiled.php(7520): call_user_func(Object(Closure), Object(Illuminate\Http\Request))
#9 /var/www/market/storage/framework/compiled.php(7138): Illuminate\Routing\Stack->then(Object(Closure))
#10 /var/www/market/storage/framework/compiled.php(7124): Illuminate\Routing\ControllerDispatcher->callWithinStack(Object(market\Http\Controllers\MarketsController), Object(Illuminate\Routing\Route), Object(Illuminate\Http\Request), 'search')
#11 /var/www/market/storage/framework/compiled.php(6123): Illuminate\Routing\ControllerDispatcher->dispatch(Object(Illuminate\Routing\Route), Object(Illuminate\Http\Request), 'market\\Http\\Con...', 'search')
#12 /var/www/market/storage/framework/compiled.php(6094): Illuminate\Routing\Route->runWithCustomDispatcher(Object(Illuminate\Http\Request))
#13 /var/www/market/storage/framework/compiled.php(5761): Illuminate\Routing\Route->run(Object(Illuminate\Http\Request))
#14 [internal function]: Illuminate\Routing\Router->Illuminate\Routing\{closure}(Object(Illuminate\Http\Request))
#15 /var/www/market/storage/framework/compiled.php(7533): call_user_func(Object(Closure), Object(Illuminate\Http\Request))
#16 [internal function]: Illuminate\Routing\Stack->Illuminate\Routing\{closure}(Object(Illuminate\Http\Request))
#17 /var/www/market/storage/framework/compiled.php(7520): call_user_func(Object(Closure), Object(Illuminate\Http\Request))
#18 /var/www/market/storage/framework/compiled.php(5762): Illuminate\Routing\Stack->then(Object(Closure))
#19 /var/www/market/storage/framework/compiled.php(5751): Illuminate\Routing\Router->runRouteWithinStack(Object(Illuminate\Routing\Route), Object(Illuminate\Http\Request))
#20 /var/www/market/storage/framework/compiled.php(5736): Illuminate\Routing\Router->dispatchToRoute(Object(Illuminate\Http\Request))
#21 /var/www/market/storage/framework/compiled.php(1289): Illuminate\Routing\Router->dispatch(Object(Illuminate\Http\Request))
#22 [internal function]: Illuminate\Foundation\Http\Kernel->Illuminate\Foundation\Http\{closure}(Object(Illuminate\Http\Request))
#23 /var/www/market/storage/framework/compiled.php(7533): call_user_func(Object(Closure), Object(Illuminate\Http\Request))
#24 /var/www/market/storage/framework/compiled.php(1650): Illuminate\Routing\Stack->Illuminate\Routing\{closure}(Object(Illuminate\Http\Request))
#25 /var/www/market/storage/framework/compiled.php(7526): Illuminate\Foundation\Http\Middleware\VerifyCsrfToken->handle(Object(Illuminate\Http\Request), Object(Closure))
#26 /var/www/market/storage/framework/compiled.php(10516): Illuminate\Routing\Stack->Illuminate\Routing\{closure}(Object(Illuminate\Http\Request))
#27 /var/www/market/storage/framework/compiled.php(7526): Illuminate\View\Middleware\ShareErrorsFromSession->handle(Object(Illuminate\Http\Request), Object(Closure))
#28 /var/www/market/storage/framework/compiled.php(9272): Illuminate\Routing\Stack->Illuminate\Routing\{closure}(Object(Illuminate\Http\Request))
#29 /var/www/market/storage/framework/compiled.php(7526): Illuminate\Session\Middleware\StartSession->handle(Object(Illuminate\Http\Request), Object(Closure))
#30 /var/www/market/storage/framework/compiled.php(10225): Illuminate\Routing\Stack->Illuminate\Routing\{closure}(Object(Illuminate\Http\Request))
#31 /var/www/market/storage/framework/compiled.php(7526): Illuminate\Cookie\Middleware\AddQueuedCookiesToResponse->handle(Object(Illuminate\Http\Request), Object(Closure))
#32 /var/www/market/storage/framework/compiled.php(10174): Illuminate\Routing\Stack->Illuminate\Routing\{closure}(Object(Illuminate\Http\Request))
#33 /var/www/market/storage/framework/compiled.php(7526): Illuminate\Cookie\Middleware\EncryptCookies->handle(Object(Illuminate\Http\Request), Object(Closure))
#34 /var/www/market/storage/framework/compiled.php(1688): Illuminate\Routing\Stack->Illuminate\Routing\{closure}(Object(Illuminate\Http\Request))
#35 /var/www/market/storage/framework/compiled.php(7526): Illuminate\Foundation\Http\Middleware\CheckForMaintenanceMode->handle(Object(Illuminate\Http\Request), Object(Closure))
#36 [internal function]: Illuminate\Routing\Stack->Illuminate\Routing\{closure}(Object(Illuminate\Http\Request))
#37 /var/www/market/storage/framework/compiled.php(7520): call_user_func(Object(Closure), Object(Illuminate\Http\Request))
#38 /var/www/market/storage/framework/compiled.php(1268): Illuminate\Routing\Stack->then(Object(Closure))
#39 /var/www/market/storage/framework/compiled.php(1258): Illuminate\Foundation\Http\Kernel->sendRequestThroughRouter(Object(Illuminate\Http\Request))
#40 /var/www/market/public/index.php(53): Illuminate\Foundation\Http\Kernel->handle(Object(Illuminate\Http\Request))
#41 {main} [] []
[2014-12-10 19:27:18] production.ERROR: exception 'BadMethodCallException' with message 'Method [search] does not exist.' in /var/www/market/storage/framework/compiled.php:7100
Stack trace:
#0 [internal function]: Illuminate\Routing\Controller->__call('search', Array)
#1 [internal function]: market\Http\Controllers\MarketsController->search()
#2 /var/www/market/storage/framework/compiled.php(7096): call_user_func_array(Array, Array)
#3 /var/www/market/storage/framework/compiled.php(7158): Illuminate\Routing\Controller->callAction('search', Array)
#4 /var/www/market/storage/framework/compiled.php(7137): Illuminate\Routing\ControllerDispatcher->call(Object(market\Http\Controllers\MarketsController), Object(Illuminate\Routing\Route), 'search')
#5 [internal function]: Illuminate\Routing\ControllerDispatcher->Illuminate\Routing\{closure}(Object(Illuminate\Http\Request))
#6 /var/www/market/storage/framework/compiled.php(7533): call_user_func(Object(Closure), Object(Illuminate\Http\Request))
#7 [internal function]: Illuminate\Routing\Stack->Illuminate\Routing\{closure}(Object(Illuminate\Http\Request))
#8 /var/www/market/storage/framework/compiled.php(7520): call_user_func(Object(Closure), Object(Illuminate\Http\Request))
#9 /var/www/market/storage/framework/compiled.php(7138): Illuminate\Routing\Stack->then(Object(Closure))
#10 /var/www/market/storage/framework/compiled.php(7124): Illuminate\Routing\ControllerDispatcher->callWithinStack(Object(market\Http\Controllers\MarketsController), Object(Illuminate\Routing\Route), Object(Illuminate\Http\Request), 'search')
#11 /var/www/market/storage/framework/compiled.php(6123): Illuminate\Routing\ControllerDispatcher->dispatch(Object(Illuminate\Routing\Route), Object(Illuminate\Http\Request), 'market\\Http\\Con...', 'search')
#12 /var/www/market/storage/framework/compiled.php(6094): Illuminate\Routing\Route->runWithCustomDispatcher(Object(Illuminate\Http\Request))
#13 /var/www/market/storage/framework/compiled.php(5761): Illuminate\Routing\Route->run(Object(Illuminate\Http\Request))
#14 [internal function]: Illuminate\Routing\Router->Illuminate\Routing\{closure}(Object(Illuminate\Http\Request))
#15 /var/www/market/storage/framework/compiled.php(7533): call_user_func(Object(Closure), Object(Illuminate\Http\Request))
#16 [internal function]: Illuminate\Routing\Stack->Illuminate\Routing\{closure}(Object(Illuminate\Http\Request))
#17 /var/www/market/storage/framework/compiled.php(7520): call_user_func(Object(Closure), Object(Illuminate\Http\Request))
#18 /var/www/market/storage/framework/compiled.php(5762): Illuminate\Routing\Stack->then(Object(Closure))
#19 /var/www/market/storage/framework/compiled.php(5751): Illuminate\Routing\Router->runRouteWithinStack(Object(Illuminate\Routing\Route), Object(Illuminate\Http\Request))
#20 /var/www/market/storage/framework/compiled.php(5736): Illuminate\Routing\Router->dispatchToRoute(Object(Illuminate\Http\Request))
#21 /var/www/market/storage/framework/compiled.php(1289): Illuminate\Routing\Router->dispatch(Object(Illuminate\Http\Request))
#22 [internal function]: Illuminate\Foundation\Http\Kernel->Illuminate\Foundation\Http\{closure}(Object(Illuminate\Http\Request))
#23 /var/www/market/storage/framework/compiled.php(7533): call_user_func(Object(Closure), Object(Illuminate\Http\Request))
#24 /var/www/market/storage/framework/compiled.php(1650): Illuminate\Routing\Stack->Illuminate\Routing\{closure}(Object(Illuminate\Http\Request))
#25 /var/www/market/storage/framework/compiled.php(7526): Illuminate\Foundation\Http\Middleware\VerifyCsrfToken->handle(Object(Illuminate\Http\Request), Object(Closure))
#26 /var/www/market/storage/framework/compiled.php(10516): Illuminate\Routing\Stack->Illuminate\Routing\{closure}(Object(Illuminate\Http\Request))
#27 /var/www/market/storage/framework/compiled.php(7526): Illuminate\View\Middleware\ShareErrorsFromSession->handle(Object(Illuminate\Http\Request), Object(Closure))
#28 /var/www/market/storage/framework/compiled.php(9272): Illuminate\Routing\Stack->Illuminate\Routing\{closure}(Object(Illuminate\Http\Request))
#29 /var/www/market/storage/framework/compiled.php(7526): Illuminate\Session\Middleware\StartSession->handle(Object(Illuminate\Http\Request), Object(Closure))
#30 /var/www/market/storage/framework/compiled.php(10225): Illuminate\Routing\Stack->Illuminate\Routing\{closure}(Object(Illuminate\Http\Request))
#31 /var/www/market/storage/framework/compiled.php(7526): Illuminate\Cookie\Middleware\AddQueuedCookiesToResponse->handle(Object(Illuminate\Http\Request), Object(Closure))
#32 /var/www/market/storage/framework/compiled.php(10174): Illuminate\Routing\Stack->Illuminate\Routing\{closure}(Object(Illuminate\Http\Request))
#33 /var/www/market/storage/framework/compiled.php(7526): Illuminate\Cookie\Middleware\EncryptCookies->handle(Object(Illuminate\Http\Request), Object(Closure))
#34 /var/www/market/storage/framework/compiled.php(1688): Illuminate\Routing\Stack->Illuminate\Routing\{closure}(Object(Illuminate\Http\Request))
#35 /var/www/market/storage/framework/compiled.php(7526): Illuminate\Foundation\Http\Middleware\CheckForMaintenanceMode->handle(Object(Illuminate\Http\Request), Object(Closure))
#36 [internal function]: Illuminate\Routing\Stack->Illuminate\Routing\{closure}(Object(Illuminate\Http\Request))
#37 /var/www/market/storage/framework/compiled.php(7520): call_user_func(Object(Closure), Object(Illuminate\Http\Request))
#38 /var/www/market/storage/framework/compiled.php(1268): Illuminate\Routing\Stack->then(Object(Closure))
#39 /var/www/market/storage/framework/compiled.php(1258): Illuminate\Foundation\Http\Kernel->sendRequestThroughRouter(Object(Illuminate\Http\Request))
#40 /var/www/market/public/index.php(53): Illuminate\Foundation\Http\Kernel->handle(Object(Illuminate\Http\Request))
#41 {main} [] []
[2014-12-10 19:29:17] production.ERROR: exception 'BadMethodCallException' with message 'Method [search] does not exist.' in /var/www/market/storage/framework/compiled.php:7100
Stack trace:
#0 [internal function]: Illuminate\Routing\Controller->__call('search', Array)
#1 [internal function]: market\Http\Controllers\MarketsController->search()
#2 /var/www/market/storage/framework/compiled.php(7096): call_user_func_array(Array, Array)
#3 /var/www/market/storage/framework/compiled.php(7158): Illuminate\Routing\Controller->callAction('search', Array)
#4 /var/www/market/storage/framework/compiled.php(7137): Illuminate\Routing\ControllerDispatcher->call(Object(market\Http\Controllers\MarketsController), Object(Illuminate\Routing\Route), 'search')
#5 [internal function]: Illuminate\Routing\ControllerDispatcher->Illuminate\Routing\{closure}(Object(Illuminate\Http\Request))
#6 /var/www/market/storage/framework/compiled.php(7533): call_user_func(Object(Closure), Object(Illuminate\Http\Request))
#7 [internal function]: Illuminate\Routing\Stack->Illuminate\Routing\{closure}(Object(Illuminate\Http\Request))
#8 /var/www/market/storage/framework/compiled.php(7520): call_user_func(Object(Closure), Object(Illuminate\Http\Request))
#9 /var/www/market/storage/framework/compiled.php(7138): Illuminate\Routing\Stack->then(Object(Closure))
#10 /var/www/market/storage/framework/compiled.php(7124): Illuminate\Routing\ControllerDispatcher->callWithinStack(Object(market\Http\Controllers\MarketsController), Object(Illuminate\Routing\Route), Object(Illuminate\Http\Request), 'search')
#11 /var/www/market/storage/framework/compiled.php(6123): Illuminate\Routing\ControllerDispatcher->dispatch(Object(Illuminate\Routing\Route), Object(Illuminate\Http\Request), 'market\\Http\\Con...', 'search')
#12 /var/www/market/storage/framework/compiled.php(6094): Illuminate\Routing\Route->runWithCustomDispatcher(Object(Illuminate\Http\Request))
#13 /var/www/market/storage/framework/compiled.php(5761): Illuminate\Routing\Route->run(Object(Illuminate\Http\Request))
#14 [internal function]: Illuminate\Routing\Router->Illuminate\Routing\{closure}(Object(Illuminate\Http\Request))
#15 /var/www/market/storage/framework/compiled.php(7533): call_user_func(Object(Closure), Object(Illuminate\Http\Request))
#16 [internal function]: Illuminate\Routing\Stack->Illuminate\Routing\{closure}(Object(Illuminate\Http\Request))
#17 /var/www/market/storage/framework/compiled.php(7520): call_user_func(Object(Closure), Object(Illuminate\Http\Request))
#18 /var/www/market/storage/framework/compiled.php(5762): Illuminate\Routing\Stack->then(Object(Closure))
#19 /var/www/market/storage/framework/compiled.php(5751): Illuminate\Routing\Router->runRouteWithinStack(Object(Illuminate\Routing\Route), Object(Illuminate\Http\Request))
#20 /var/www/market/storage/framework/compiled.php(5736): Illuminate\Routing\Router->dispatchToRoute(Object(Illuminate\Http\Request))
#21 /var/www/market/storage/framework/compiled.php(1289): Illuminate\Routing\Router->dispatch(Object(Illuminate\Http\Request))
#22 [internal function]: Illuminate\Foundation\Http\Kernel->Illuminate\Foundation\Http\{closure}(Object(Illuminate\Http\Request))
#23 /var/www/market/storage/framework/compiled.php(7533): call_user_func(Object(Closure), Object(Illuminate\Http\Request))
#24 /var/www/market/storage/framework/compiled.php(1650): Illuminate\Routing\Stack->Illuminate\Routing\{closure}(Object(Illuminate\Http\Request))
#25 /var/www/market/storage/framework/compiled.php(7526): Illuminate\Foundation\Http\Middleware\VerifyCsrfToken->handle(Object(Illuminate\Http\Request), Object(Closure))
#26 /var/www/market/storage/framework/compiled.php(10516): Illuminate\Routing\Stack->Illuminate\Routing\{closure}(Object(Illuminate\Http\Request))
#27 /var/www/market/storage/framework/compiled.php(7526): Illuminate\View\Middleware\ShareErrorsFromSession->handle(Object(Illuminate\Http\Request), Object(Closure))
#28 /var/www/market/storage/framework/compiled.php(9272): Illuminate\Routing\Stack->Illuminate\Routing\{closure}(Object(Illuminate\Http\Request))
#29 /var/www/market/storage/framework/compiled.php(7526): Illuminate\Session\Middleware\StartSession->handle(Object(Illuminate\Http\Request), Object(Closure))
#30 /var/www/market/storage/framework/compiled.php(10225): Illuminate\Routing\Stack->Illuminate\Routing\{closure}(Object(Illuminate\Http\Request))
#31 /var/www/market/storage/framework/compiled.php(7526): Illuminate\Cookie\Middleware\AddQueuedCookiesToResponse->handle(Object(Illuminate\Http\Request), Object(Closure))
#32 /var/www/market/storage/framework/compiled.php(10174): Illuminate\Routing\Stack->Illuminate\Routing\{closure}(Object(Illuminate\Http\Request))
#33 /var/www/market/storage/framework/compiled.php(7526): Illuminate\Cookie\Middleware\EncryptCookies->handle(Object(Illuminate\Http\Request), Object(Closure))
#34 /var/www/market/storage/framework/compiled.php(1688): Illuminate\Routing\Stack->Illuminate\Routing\{closure}(Object(Illuminate\Http\Request))
#35 /var/www/market/storage/framework/compiled.php(7526): Illuminate\Foundation\Http\Middleware\CheckForMaintenanceMode->handle(Object(Illuminate\Http\Request), Object(Closure))
#36 [internal function]: Illuminate\Routing\Stack->Illuminate\Routing\{closure}(Object(Illuminate\Http\Request))
#37 /var/www/market/storage/framework/compiled.php(7520): call_user_func(Object(Closure), Object(Illuminate\Http\Request))
#38 /var/www/market/storage/framework/compiled.php(1268): Illuminate\Routing\Stack->then(Object(Closure))
#39 /var/www/market/storage/framework/compiled.php(1258): Illuminate\Foundation\Http\Kernel->sendRequestThroughRouter(Object(Illuminate\Http\Request))
#40 /var/www/market/public/index.php(53): Illuminate\Foundation\Http\Kernel->handle(Object(Illuminate\Http\Request))
#41 {main} [] []
[2014-12-10 19:36:49] production.ERROR: exception 'Symfony\Component\Debug\Exception\FatalErrorException' with message 'Cannot redeclare market\Http\Controllers\MarketsController::search()' in /var/www/market/app/Http/Controllers/MarketsController.php:265
Stack trace:
#0 /var/www/market/storage/framework/compiled.php(1129): Illuminate\Foundation\Bootstrap\HandleExceptions->fatalExceptionFromError(Array)
#1 [internal function]: Illuminate\Foundation\Bootstrap\HandleExceptions->handleShutdown()
#2 {main} [] []
[2014-12-10 20:27:17] production.ERROR: exception 'Symfony\Component\Debug\Exception\FatalErrorException' with message 'syntax error, unexpected ')', expecting ']'' in /var/www/market/app/Http/routes.php:27
Stack trace:
#0 /var/www/market/storage/framework/compiled.php(1129): Illuminate\Foundation\Bootstrap\HandleExceptions->fatalExceptionFromError(Array)
#1 [internal function]: Illuminate\Foundation\Bootstrap\HandleExceptions->handleShutdown()
#2 {main} [] []
[2014-12-10 21:10:44] production.ERROR: exception 'Symfony\Component\Debug\Exception\FatalErrorException' with message 'Class 'market\Http\Controllers\DB' not found' in /var/www/market/app/Http/Controllers/MarketsController.php:265
Stack trace:
#0 /var/www/market/storage/framework/compiled.php(1129): Illuminate\Foundation\Bootstrap\HandleExceptions->fatalExceptionFromError(Array)
#1 [internal function]: Illuminate\Foundation\Bootstrap\HandleExceptions->handleShutdown()
#2 {main} [] []
[2014-12-10 21:16:08] production.ERROR: exception 'Symfony\Component\Debug\Exception\FatalErrorException' with message 'syntax error, unexpected '%'' in /var/www/market/app/Http/Controllers/MarketsController.php:271
Stack trace:
#0 /var/www/market/storage/framework/compiled.php(1129): Illuminate\Foundation\Bootstrap\HandleExceptions->fatalExceptionFromError(Array)
#1 [internal function]: Illuminate\Foundation\Bootstrap\HandleExceptions->handleShutdown()
#2 {main} [] []
