[2014-12-06 22:51:12] production.ERROR: exception 'InvalidArgumentException' with message 'Command "dump-autoload" is not defined.' in /var/www/market/vendor/symfony/console/Symfony/Component/Console/Application.php:549
Stack trace:
#0 /var/www/market/vendor/symfony/console/Symfony/Component/Console/Application.php(192): Symfony\Component\Console\Application->find('dump-autoload')
#1 /var/www/market/vendor/symfony/console/Symfony/Component/Console/Application.php(126): Symfony\Component\Console\Application->doRun(Object(Symfony\Component\Console\Input\ArgvInput), Object(Symfony\Component\Console\Output\ConsoleOutput))
#2 /var/www/market/vendor/laravel/framework/src/Illuminate/Foundation/Console/Kernel.php(90): Symfony\Component\Console\Application->run(Object(Symfony\Component\Console\Input\ArgvInput), Object(Symfony\Component\Console\Output\ConsoleOutput))
#3 /var/www/market/artisan(34): Illuminate\Foundation\Console\Kernel->handle(Object(Symfony\Component\Console\Input\ArgvInput), Object(Symfony\Component\Console\Output\ConsoleOutput))
#4 {main} [] []
[2014-12-06 22:53:39] production.ERROR: exception 'ReflectionException' with message 'Class App\Http\Controllers\MarketsController does not exist' in /var/www/market/storage/framework/compiled.php:498
Stack trace:
#0 /var/www/market/storage/framework/compiled.php(498): ReflectionClass->__construct('App\\Http\\Contro...')
#1 /var/www/market/storage/framework/compiled.php(459): Illuminate\Container\Container->build('App\\Http\\Contro...', Array)
#2 /var/www/market/storage/framework/compiled.php(881): Illuminate\Container\Container->make('App\\Http\\Contro...', Array)
#3 /var/www/market/storage/framework/compiled.php(7131): Illuminate\Foundation\Application->make('App\\Http\\Contro...')
#4 /var/www/market/storage/framework/compiled.php(7120): Illuminate\Routing\ControllerDispatcher->makeController('App\\Http\\Contro...')
#5 /var/www/market/storage/framework/compiled.php(6123): Illuminate\Routing\ControllerDispatcher->dispatch(Object(Illuminate\Routing\Route), Object(Illuminate\Http\Request), 'App\\Http\\Contro...', 'index')
#6 /var/www/market/storage/framework/compiled.php(6094): Illuminate\Routing\Route->runWithCustomDispatcher(Object(Illuminate\Http\Request))
#7 /var/www/market/storage/framework/compiled.php(5761): Illuminate\Routing\Route->run(Object(Illuminate\Http\Request))
#8 [internal function]: Illuminate\Routing\Router->Illuminate\Routing\{closure}(Object(Illuminate\Http\Request))
#9 /var/www/market/storage/framework/compiled.php(7533): call_user_func(Object(Closure), Object(Illuminate\Http\Request))
#10 [internal function]: Illuminate\Routing\Stack->Illuminate\Routing\{closure}(Object(Illuminate\Http\Request))
#11 /var/www/market/storage/framework/compiled.php(7520): call_user_func(Object(Closure), Object(Illuminate\Http\Request))
#12 /var/www/market/storage/framework/compiled.php(5762): Illuminate\Routing\Stack->then(Object(Closure))
#13 /var/www/market/storage/framework/compiled.php(5751): Illuminate\Routing\Router->runRouteWithinStack(Object(Illuminate\Routing\Route), Object(Illuminate\Http\Request))
#14 /var/www/market/storage/framework/compiled.php(5736): Illuminate\Routing\Router->dispatchToRoute(Object(Illuminate\Http\Request))
#15 /var/www/market/storage/framework/compiled.php(1289): Illuminate\Routing\Router->dispatch(Object(Illuminate\Http\Request))
#16 [internal function]: Illuminate\Foundation\Http\Kernel->Illuminate\Foundation\Http\{closure}(Object(Illuminate\Http\Request))
#17 /var/www/market/storage/framework/compiled.php(7533): call_user_func(Object(Closure), Object(Illuminate\Http\Request))
#18 /var/www/market/storage/framework/compiled.php(1650): Illuminate\Routing\Stack->Illuminate\Routing\{closure}(Object(Illuminate\Http\Request))
#19 /var/www/market/storage/framework/compiled.php(7526): Illuminate\Foundation\Http\Middleware\VerifyCsrfToken->handle(Object(Illuminate\Http\Request), Object(Closure))
#20 /var/www/market/storage/framework/compiled.php(10516): Illuminate\Routing\Stack->Illuminate\Routing\{closure}(Object(Illuminate\Http\Request))
#21 /var/www/market/storage/framework/compiled.php(7526): Illuminate\View\Middleware\ShareErrorsFromSession->handle(Object(Illuminate\Http\Request), Object(Closure))
#22 /var/www/market/storage/framework/compiled.php(9272): Illuminate\Routing\Stack->Illuminate\Routing\{closure}(Object(Illuminate\Http\Request))
#23 /var/www/market/storage/framework/compiled.php(7526): Illuminate\Session\Middleware\StartSession->handle(Object(Illuminate\Http\Request), Object(Closure))
#24 /var/www/market/storage/framework/compiled.php(10225): Illuminate\Routing\Stack->Illuminate\Routing\{closure}(Object(Illuminate\Http\Request))
#25 /var/www/market/storage/framework/compiled.php(7526): Illuminate\Cookie\Middleware\AddQueuedCookiesToResponse->handle(Object(Illuminate\Http\Request), Object(Closure))
#26 /var/www/market/storage/framework/compiled.php(10174): Illuminate\Routing\Stack->Illuminate\Routing\{closure}(Object(Illuminate\Http\Request))
#27 /var/www/market/storage/framework/compiled.php(7526): Illuminate\Cookie\Middleware\EncryptCookies->handle(Object(Illuminate\Http\Request), Object(Closure))
#28 /var/www/market/storage/framework/compiled.php(1688): Illuminate\Routing\Stack->Illuminate\Routing\{closure}(Object(Illuminate\Http\Request))
#29 /var/www/market/storage/framework/compiled.php(7526): Illuminate\Foundation\Http\Middleware\CheckForMaintenanceMode->handle(Object(Illuminate\Http\Request), Object(Closure))
#30 [internal function]: Illuminate\Routing\Stack->Illuminate\Routing\{closure}(Object(Illuminate\Http\Request))
#31 /var/www/market/storage/framework/compiled.php(7520): call_user_func(Object(Closure), Object(Illuminate\Http\Request))
#32 /var/www/market/storage/framework/compiled.php(1268): Illuminate\Routing\Stack->then(Object(Closure))
#33 /var/www/market/storage/framework/compiled.php(1258): Illuminate\Foundation\Http\Kernel->sendRequestThroughRouter(Object(Illuminate\Http\Request))
#34 /var/www/market/public/index.php(53): Illuminate\Foundation\Http\Kernel->handle(Object(Illuminate\Http\Request))
#35 {main} [] []
[2014-12-06 22:54:19] production.ERROR: exception 'RuntimeException' with message 'Not enough arguments.' in /var/www/market/vendor/symfony/console/Symfony/Component/Console/Input/Input.php:77
Stack trace:
#0 /var/www/market/vendor/symfony/console/Symfony/Component/Console/Command/Command.php(247): Symfony\Component\Console\Input\Input->validate()
#1 /var/www/market/vendor/laravel/framework/src/Illuminate/Console/Command.php(100): Symfony\Component\Console\Command\Command->run(Object(Symfony\Component\Console\Input\ArgvInput), Object(Symfony\Component\Console\Output\ConsoleOutput))
#2 /var/www/market/vendor/symfony/console/Symfony/Component/Console/Application.php(874): Illuminate\Console\Command->run(Object(Symfony\Component\Console\Input\ArgvInput), Object(Symfony\Component\Console\Output\ConsoleOutput))
#3 /var/www/market/vendor/symfony/console/Symfony/Component/Console/Application.php(195): Symfony\Component\Console\Application->doRunCommand(Object(Illuminate\Foundation\Console\AppNameCommand), Object(Symfony\Component\Console\Input\ArgvInput), Object(Symfony\Component\Console\Output\ConsoleOutput))
#4 /var/www/market/vendor/symfony/console/Symfony/Component/Console/Application.php(126): Symfony\Component\Console\Application->doRun(Object(Symfony\Component\Console\Input\ArgvInput), Object(Symfony\Component\Console\Output\ConsoleOutput))
#5 /var/www/market/vendor/laravel/framework/src/Illuminate/Foundation/Console/Kernel.php(90): Symfony\Component\Console\Application->run(Object(Symfony\Component\Console\Input\ArgvInput), Object(Symfony\Component\Console\Output\ConsoleOutput))
#6 /var/www/market/artisan(34): Illuminate\Foundation\Console\Kernel->handle(Object(Symfony\Component\Console\Input\ArgvInput), Object(Symfony\Component\Console\Output\ConsoleOutput))
#7 {main} [] []
[2014-12-06 22:54:31] production.ERROR: exception 'ReflectionException' with message 'Class market\Market does not exist' in /var/www/market/storage/framework/compiled.php:519
Stack trace:
#0 /var/www/market/storage/framework/compiled.php(519): ReflectionParameter->getClass()
#1 /var/www/market/storage/framework/compiled.php(511): Illuminate\Container\Container->getDependencies(Array, Array)
#2 /var/www/market/storage/framework/compiled.php(459): Illuminate\Container\Container->build('market\\Http\\Con...', Array)
#3 /var/www/market/storage/framework/compiled.php(881): Illuminate\Container\Container->make('market\\Http\\Con...', Array)
#4 /var/www/market/storage/framework/compiled.php(7131): Illuminate\Foundation\Application->make('market\\Http\\Con...')
#5 /var/www/market/storage/framework/compiled.php(7120): Illuminate\Routing\ControllerDispatcher->makeController('market\\Http\\Con...')
#6 /var/www/market/storage/framework/compiled.php(6123): Illuminate\Routing\ControllerDispatcher->dispatch(Object(Illuminate\Routing\Route), Object(Illuminate\Http\Request), 'market\\Http\\Con...', 'index')
#7 /var/www/market/storage/framework/compiled.php(6094): Illuminate\Routing\Route->runWithCustomDispatcher(Object(Illuminate\Http\Request))
#8 /var/www/market/storage/framework/compiled.php(5761): Illuminate\Routing\Route->run(Object(Illuminate\Http\Request))
#9 [internal function]: Illuminate\Routing\Router->Illuminate\Routing\{closure}(Object(Illuminate\Http\Request))
#10 /var/www/market/storage/framework/compiled.php(7533): call_user_func(Object(Closure), Object(Illuminate\Http\Request))
#11 [internal function]: Illuminate\Routing\Stack->Illuminate\Routing\{closure}(Object(Illuminate\Http\Request))
#12 /var/www/market/storage/framework/compiled.php(7520): call_user_func(Object(Closure), Object(Illuminate\Http\Request))
#13 /var/www/market/storage/framework/compiled.php(5762): Illuminate\Routing\Stack->then(Object(Closure))
#14 /var/www/market/storage/framework/compiled.php(5751): Illuminate\Routing\Router->runRouteWithinStack(Object(Illuminate\Routing\Route), Object(Illuminate\Http\Request))
#15 /var/www/market/storage/framework/compiled.php(5736): Illuminate\Routing\Router->dispatchToRoute(Object(Illuminate\Http\Request))
#16 /var/www/market/storage/framework/compiled.php(1289): Illuminate\Routing\Router->dispatch(Object(Illuminate\Http\Request))
#17 [internal function]: Illuminate\Foundation\Http\Kernel->Illuminate\Foundation\Http\{closure}(Object(Illuminate\Http\Request))
#18 /var/www/market/storage/framework/compiled.php(7533): call_user_func(Object(Closure), Object(Illuminate\Http\Request))
#19 /var/www/market/storage/framework/compiled.php(1650): Illuminate\Routing\Stack->Illuminate\Routing\{closure}(Object(Illuminate\Http\Request))
#20 /var/www/market/storage/framework/compiled.php(7526): Illuminate\Foundation\Http\Middleware\VerifyCsrfToken->handle(Object(Illuminate\Http\Request), Object(Closure))
#21 /var/www/market/storage/framework/compiled.php(10516): Illuminate\Routing\Stack->Illuminate\Routing\{closure}(Object(Illuminate\Http\Request))
#22 /var/www/market/storage/framework/compiled.php(7526): Illuminate\View\Middleware\ShareErrorsFromSession->handle(Object(Illuminate\Http\Request), Object(Closure))
#23 /var/www/market/storage/framework/compiled.php(9272): Illuminate\Routing\Stack->Illuminate\Routing\{closure}(Object(Illuminate\Http\Request))
#24 /var/www/market/storage/framework/compiled.php(7526): Illuminate\Session\Middleware\StartSession->handle(Object(Illuminate\Http\Request), Object(Closure))
#25 /var/www/market/storage/framework/compiled.php(10225): Illuminate\Routing\Stack->Illuminate\Routing\{closure}(Object(Illuminate\Http\Request))
#26 /var/www/market/storage/framework/compiled.php(7526): Illuminate\Cookie\Middleware\AddQueuedCookiesToResponse->handle(Object(Illuminate\Http\Request), Object(Closure))
#27 /var/www/market/storage/framework/compiled.php(10174): Illuminate\Routing\Stack->Illuminate\Routing\{closure}(Object(Illuminate\Http\Request))
#28 /var/www/market/storage/framework/compiled.php(7526): Illuminate\Cookie\Middleware\EncryptCookies->handle(Object(Illuminate\Http\Request), Object(Closure))
#29 /var/www/market/storage/framework/compiled.php(1688): Illuminate\Routing\Stack->Illuminate\Routing\{closure}(Object(Illuminate\Http\Request))
#30 /var/www/market/storage/framework/compiled.php(7526): Illuminate\Foundation\Http\Middleware\CheckForMaintenanceMode->handle(Object(Illuminate\Http\Request), Object(Closure))
#31 [internal function]: Illuminate\Routing\Stack->Illuminate\Routing\{closure}(Object(Illuminate\Http\Request))
#32 /var/www/market/storage/framework/compiled.php(7520): call_user_func(Object(Closure), Object(Illuminate\Http\Request))
#33 /var/www/market/storage/framework/compiled.php(1268): Illuminate\Routing\Stack->then(Object(Closure))
#34 /var/www/market/storage/framework/compiled.php(1258): Illuminate\Foundation\Http\Kernel->sendRequestThroughRouter(Object(Illuminate\Http\Request))
#35 /var/www/market/public/index.php(53): Illuminate\Foundation\Http\Kernel->handle(Object(Illuminate\Http\Request))
#36 {main} [] []
