[2014-12-12 19:28:54] production.ERROR: exception 'InvalidArgumentException' with message 'There are no commands defined in the "rote" namespace.

Did you mean this?
    route' in /var/www/market/vendor/symfony/console/Symfony/Component/Console/Application.php:501
Stack trace:
#0 /var/www/market/vendor/symfony/console/Symfony/Component/Console/Application.php(535): Symfony\Component\Console\Application->findNamespace('rote')
#1 /var/www/market/vendor/symfony/console/Symfony/Component/Console/Application.php(192): Symfony\Component\Console\Application->find('rote:list')
#2 /var/www/market/vendor/symfony/console/Symfony/Component/Console/Application.php(126): Symfony\Component\Console\Application->doRun(Object(Symfony\Component\Console\Input\ArgvInput), Object(Symfony\Component\Console\Output\ConsoleOutput))
#3 /var/www/market/vendor/laravel/framework/src/Illuminate/Foundation/Console/Kernel.php(90): Symfony\Component\Console\Application->run(Object(Symfony\Component\Console\Input\ArgvInput), Object(Symfony\Component\Console\Output\ConsoleOutput))
#4 /var/www/market/artisan(34): Illuminate\Foundation\Console\Kernel->handle(Object(Symfony\Component\Console\Input\ArgvInput), Object(Symfony\Component\Console\Output\ConsoleOutput))
#5 {main} [] []
[2014-12-12 21:51:51] production.ERROR: exception 'InvalidArgumentException' with message 'Command "auth:controller" is not defined.

Did you mean one of these?
    make:controller
    auth:clear-reminders' in /var/www/market/vendor/symfony/console/Symfony/Component/Console/Application.php:549
Stack trace:
#0 /var/www/market/vendor/symfony/console/Symfony/Component/Console/Application.php(192): Symfony\Component\Console\Application->find('auth:controller')
#1 /var/www/market/vendor/symfony/console/Symfony/Component/Console/Application.php(126): Symfony\Component\Console\Application->doRun(Object(Symfony\Component\Console\Input\ArgvInput), Object(Symfony\Component\Console\Output\ConsoleOutput))
#2 /var/www/market/vendor/laravel/framework/src/Illuminate/Foundation/Console/Kernel.php(90): Symfony\Component\Console\Application->run(Object(Symfony\Component\Console\Input\ArgvInput), Object(Symfony\Component\Console\Output\ConsoleOutput))
#3 /var/www/market/artisan(34): Illuminate\Foundation\Console\Kernel->handle(Object(Symfony\Component\Console\Input\ArgvInput), Object(Symfony\Component\Console\Output\ConsoleOutput))
#4 {main} [] []
